WARNING:lerobot.configs.policies:Device 'None' is not available. Switching to 'cuda'.
/root/autodl-tmp/cv_final_task2/train_act_v30.py:386: FutureWarning: `torch.cuda.amp.GradScaler(args...)` is deprecated. Please use `torch.amp.GradScaler('cuda', args...)` instead.
  scaler = torch.cuda.amp.GradScaler(enabled=(args.amp and args.device.startswith("cuda")))
[TRAIN SPLITS] ['splitB']
[EVAL SPLITS] ['splitD']
[LOAD ACTION META] /root/autodl-tmp/cv_final_task2/data/calvin-lerobot/splitB
[DATASET READY] frames=367096 chunk_size=16
[SPLIT] splitB: frames=367096
[LOAD ACTION META] /root/autodl-tmp/cv_final_task2/data/calvin-lerobot/splitD
[DATASET READY] frames=308918 chunk_size=16
[SPLIT] splitD: frames=308918
[TRAIN FRAMES] 367096
[EVAL FRAMES] 308918
/root/autodl-tmp/cv_final_task2/train_act_v30.py:409: FutureWarning: `torch.cuda.amp.autocast(args...)` is deprecated. Please use `torch.amp.autocast('cuda', args...)` instead.
  with torch.cuda.amp.autocast(enabled=(args.amp and args.device.startswith("cuda"))):
[TRAIN] step=000001 loss=99.696587 l1=0.444581 kld=9.925200 grad_norm=1369.286 steps/s=0.859
[TRAIN] step=000050 loss=4.270514 l1=0.276977 kld=0.399354 grad_norm=70.095 steps/s=14.492
[TRAIN] step=000100 loss=2.984002 l1=0.242469 kld=0.274153 grad_norm=58.585 steps/s=17.112
[TRAIN] step=000150 loss=2.514813 l1=0.207537 kld=0.230728 grad_norm=52.226 steps/s=18.410
[TRAIN] step=000200 loss=2.326766 l1=0.207481 kld=0.211929 grad_norm=38.269 steps/s=19.360
[TRAIN] step=000250 loss=2.326709 l1=0.245430 kld=0.208128 grad_norm=61.571 steps/s=19.860
[TRAIN] step=000300 loss=2.009386 l1=0.194600 kld=0.181479 grad_norm=34.038 steps/s=20.099
[TRAIN] step=000350 loss=1.979831 l1=0.173574 kld=0.180626 grad_norm=43.434 steps/s=20.286
[TRAIN] step=000400 loss=1.716617 l1=0.195235 kld=0.152138 grad_norm=35.452 steps/s=20.429
[TRAIN] step=000450 loss=1.746386 l1=0.202276 kld=0.154411 grad_norm=43.282 steps/s=20.558
[TRAIN] step=000500 loss=1.629371 l1=0.171064 kld=0.145831 grad_norm=36.166 steps/s=20.645
[TRAIN] step=000550 loss=1.500721 l1=0.164946 kld=0.133577 grad_norm=33.294 steps/s=20.837
[TRAIN] step=000600 loss=1.469162 l1=0.172136 kld=0.129703 grad_norm=35.669 steps/s=21.032
[TRAIN] step=000650 loss=1.391137 l1=0.181385 kld=0.120975 grad_norm=31.974 steps/s=21.055
[TRAIN] step=000700 loss=1.380242 l1=0.218926 kld=0.116132 grad_norm=30.551 steps/s=21.094
[TRAIN] step=000750 loss=1.366142 l1=0.160551 kld=0.120559 grad_norm=38.745 steps/s=21.109
[TRAIN] step=000800 loss=1.337805 l1=0.219706 kld=0.111810 grad_norm=29.924 steps/s=21.143
[TRAIN] step=000850 loss=1.157994 l1=0.160137 kld=0.099786 grad_norm=28.690 steps/s=21.154
[TRAIN] step=000900 loss=1.179454 l1=0.161155 kld=0.101830 grad_norm=31.615 steps/s=21.160
[TRAIN] step=000950 loss=1.124898 l1=0.192598 kld=0.093230 grad_norm=30.134 steps/s=21.172
[TRAIN] step=001000 loss=1.087834 l1=0.160498 kld=0.092734 grad_norm=37.622 steps/s=21.189
[EVAL] step=001000 eval_loss=1.124822 eval_l1=0.186765 eval_kld=0.093806
[SAVE] best.pt step=1000 best_eval_l1=0.186765
[TRAIN] step=001050 loss=1.040993 l1=0.201592 kld=0.083940 grad_norm=25.409 steps/s=19.531
[TRAIN] step=001100 loss=0.987635 l1=0.197620 kld=0.079001 grad_norm=27.231 steps/s=19.718
[TRAIN] step=001150 loss=0.947577 l1=0.190026 kld=0.075755 grad_norm=32.387 steps/s=19.887
[TRAIN] step=001200 loss=0.905804 l1=0.178689 kld=0.072711 grad_norm=27.918 steps/s=20.002
[TRAIN] step=001250 loss=0.870453 l1=0.159602 kld=0.071085 grad_norm=27.338 steps/s=20.108
[TRAIN] step=001300 loss=0.878938 l1=0.186558 kld=0.069238 grad_norm=25.654 steps/s=20.244
[TRAIN] step=001350 loss=0.790755 l1=0.148935 kld=0.064182 grad_norm=23.120 steps/s=20.399
[TRAIN] step=001400 loss=0.815815 l1=0.218191 kld=0.059762 grad_norm=25.344 steps/s=20.469
[TRAIN] step=001450 loss=0.753412 l1=0.152424 kld=0.060099 grad_norm=25.387 steps/s=20.526
[TRAIN] step=001500 loss=0.701692 l1=0.184592 kld=0.051710 grad_norm=27.643 steps/s=20.540
[TRAIN] step=001550 loss=0.662420 l1=0.187526 kld=0.047489 grad_norm=23.341 steps/s=20.566
[TRAIN] step=001600 loss=0.680399 l1=0.175714 kld=0.050468 grad_norm=27.275 steps/s=20.565
[TRAIN] step=001650 loss=0.670856 l1=0.200826 kld=0.047003 grad_norm=24.929 steps/s=20.587
[TRAIN] step=001700 loss=0.608033 l1=0.176660 kld=0.043137 grad_norm=20.562 steps/s=20.622
[TRAIN] step=001750 loss=0.632499 l1=0.181294 kld=0.045121 grad_norm=20.348 steps/s=20.685
[TRAIN] step=001800 loss=0.546353 l1=0.166618 kld=0.037974 grad_norm=19.651 steps/s=20.707
[TRAIN] step=001850 loss=0.556463 l1=0.196897 kld=0.035957 grad_norm=20.982 steps/s=20.736
[TRAIN] step=001900 loss=0.533266 l1=0.190405 kld=0.034286 grad_norm=21.216 steps/s=20.782
[TRAIN] step=001950 loss=0.508168 l1=0.169666 kld=0.033850 grad_norm=21.544 steps/s=20.810
[TRAIN] step=002000 loss=0.503587 l1=0.181870 kld=0.032172 grad_norm=18.189 steps/s=20.848
[EVAL] step=002000 eval_loss=0.508917 eval_l1=0.189702 eval_kld=0.031921
[TRAIN] step=002050 loss=0.466174 l1=0.159490 kld=0.030668 grad_norm=18.997 steps/s=19.991
[TRAIN] step=002100 loss=0.459857 l1=0.177755 kld=0.028210 grad_norm=20.335 steps/s=19.807
[TRAIN] step=002150 loss=0.419911 l1=0.151696 kld=0.026821 grad_norm=18.476 steps/s=19.639
[TRAIN] step=002200 loss=0.424292 l1=0.159906 kld=0.026439 grad_norm=17.082 steps/s=19.468
[TRAIN] step=002250 loss=0.408575 l1=0.175859 kld=0.023272 grad_norm=19.185 steps/s=19.314
[TRAIN] step=002300 loss=0.387285 l1=0.151119 kld=0.023617 grad_norm=16.945 steps/s=19.171
[TRAIN] step=002350 loss=0.398256 l1=0.167172 kld=0.023108 grad_norm=13.859 steps/s=19.043
[TRAIN] step=002400 loss=0.401855 l1=0.173853 kld=0.022800 grad_norm=18.086 steps/s=18.924
[TRAIN] step=002450 loss=0.387033 l1=0.169029 kld=0.021800 grad_norm=15.272 steps/s=18.824
[TRAIN] step=002500 loss=0.348653 l1=0.146057 kld=0.020260 grad_norm=14.567 steps/s=18.724
[TRAIN] step=002550 loss=0.376198 l1=0.170788 kld=0.020541 grad_norm=15.361 steps/s=18.631
[TRAIN] step=002600 loss=0.328304 l1=0.168336 kld=0.015997 grad_norm=14.013 steps/s=18.541
[TRAIN] step=002650 loss=0.317603 l1=0.153685 kld=0.016392 grad_norm=17.241 steps/s=18.456
[TRAIN] step=002700 loss=0.340577 l1=0.182807 kld=0.015777 grad_norm=14.412 steps/s=18.371
[TRAIN] step=002750 loss=0.348489 l1=0.160931 kld=0.018756 grad_norm=13.147 steps/s=18.288
[TRAIN] step=002800 loss=0.289485 l1=0.133675 kld=0.015581 grad_norm=14.272 steps/s=18.219
[TRAIN] step=002850 loss=0.317546 l1=0.153774 kld=0.016377 grad_norm=15.657 steps/s=18.148
[TRAIN] step=002900 loss=0.320497 l1=0.159923 kld=0.016057 grad_norm=13.908 steps/s=18.080
[TRAIN] step=002950 loss=0.305275 l1=0.165473 kld=0.013980 grad_norm=12.599 steps/s=18.014
[TRAIN] step=003000 loss=0.285437 l1=0.156240 kld=0.012920 grad_norm=12.132 steps/s=17.955
[EVAL] step=003000 eval_loss=0.316820 eval_l1=0.182482 eval_kld=0.013434
[SAVE] best.pt step=3000 best_eval_l1=0.182482
[TRAIN] step=003050 loss=0.298192 l1=0.159771 kld=0.013842 grad_norm=13.476 steps/s=17.540
[TRAIN] step=003100 loss=0.282189 l1=0.154689 kld=0.012750 grad_norm=12.146 steps/s=17.498
[TRAIN] step=003150 loss=0.271249 l1=0.147533 kld=0.012372 grad_norm=12.937 steps/s=17.449
[TRAIN] step=003200 loss=0.289339 l1=0.168560 kld=0.012078 grad_norm=11.308 steps/s=17.399
[TRAIN] step=003250 loss=0.277541 l1=0.180665 kld=0.009688 grad_norm=13.058 steps/s=17.346
[TRAIN] step=003300 loss=0.266117 l1=0.151480 kld=0.011464 grad_norm=12.783 steps/s=17.302
[TRAIN] step=003350 loss=0.244252 l1=0.142940 kld=0.010131 grad_norm=10.783 steps/s=17.260
[TRAIN] step=003400 loss=0.260585 l1=0.166787 kld=0.009380 grad_norm=11.434 steps/s=17.220
[TRAIN] step=003450 loss=0.268519 l1=0.162444 kld=0.010607 grad_norm=10.895 steps/s=17.178
[TRAIN] step=003500 loss=0.262841 l1=0.160732 kld=0.010211 grad_norm=11.750 steps/s=17.138
[TRAIN] step=003550 loss=0.257600 l1=0.155949 kld=0.010165 grad_norm=11.066 steps/s=17.098
[TRAIN] step=003600 loss=0.256338 l1=0.141406 kld=0.011493 grad_norm=11.477 steps/s=17.053
[TRAIN] step=003650 loss=0.256565 l1=0.160374 kld=0.009619 grad_norm=12.023 steps/s=17.003
[TRAIN] step=003700 loss=0.237640 l1=0.144236 kld=0.009340 grad_norm=9.806 steps/s=16.961
[TRAIN] step=003750 loss=0.256240 l1=0.179152 kld=0.007709 grad_norm=11.500 steps/s=16.922
[TRAIN] step=003800 loss=0.221008 l1=0.136234 kld=0.008477 grad_norm=10.412 steps/s=16.889
[TRAIN] step=003850 loss=0.211631 l1=0.130170 kld=0.008146 grad_norm=9.843 steps/s=16.856
[TRAIN] step=003900 loss=0.242814 l1=0.168085 kld=0.007473 grad_norm=10.519 steps/s=16.824
[TRAIN] step=003950 loss=0.237688 l1=0.159016 kld=0.007867 grad_norm=9.713 steps/s=16.794
[TRAIN] step=004000 loss=0.233021 l1=0.160129 kld=0.007289 grad_norm=10.767 steps/s=16.760
[EVAL] step=004000 eval_loss=0.253696 eval_l1=0.176113 eval_kld=0.007758
[SAVE] best.pt step=4000 best_eval_l1=0.176113
[TRAIN] step=004050 loss=0.220864 l1=0.134055 kld=0.008681 grad_norm=10.631 steps/s=16.451
[TRAIN] step=004100 loss=0.219860 l1=0.145996 kld=0.007386 grad_norm=8.033 steps/s=16.468
[TRAIN] step=004150 loss=0.235078 l1=0.168954 kld=0.006612 grad_norm=10.753 steps/s=16.440
[TRAIN] step=004200 loss=0.203847 l1=0.134876 kld=0.006897 grad_norm=7.735 steps/s=16.409
[TRAIN] step=004250 loss=0.220325 l1=0.153387 kld=0.006694 grad_norm=9.338 steps/s=16.383
[TRAIN] step=004300 loss=0.176968 l1=0.108345 kld=0.006862 grad_norm=8.204 steps/s=16.358
[TRAIN] step=004350 loss=0.213045 l1=0.150080 kld=0.006297 grad_norm=9.319 steps/s=16.336
[TRAIN] step=004400 loss=0.212113 l1=0.144111 kld=0.006800 grad_norm=10.452 steps/s=16.311
[TRAIN] step=004450 loss=0.219248 l1=0.156716 kld=0.006253 grad_norm=9.300 steps/s=16.282
[TRAIN] step=004500 loss=0.205846 l1=0.151921 kld=0.005393 grad_norm=8.842 steps/s=16.261
[TRAIN] step=004550 loss=0.215455 l1=0.150009 kld=0.006545 grad_norm=8.936 steps/s=16.239
[TRAIN] step=004600 loss=0.211004 l1=0.148156 kld=0.006285 grad_norm=9.416 steps/s=16.217
[TRAIN] step=004650 loss=0.182333 l1=0.122142 kld=0.006019 grad_norm=7.299 steps/s=16.196
[TRAIN] step=004700 loss=0.223912 l1=0.172789 kld=0.005112 grad_norm=7.526 steps/s=16.176
[TRAIN] step=004750 loss=0.200435 l1=0.150048 kld=0.005039 grad_norm=8.855 steps/s=16.156
[TRAIN] step=004800 loss=0.204679 l1=0.152916 kld=0.005176 grad_norm=8.031 steps/s=16.139
[TRAIN] step=004850 loss=0.187915 l1=0.132392 kld=0.005552 grad_norm=7.942 steps/s=16.117
[TRAIN] step=004900 loss=0.222980 l1=0.175844 kld=0.004714 grad_norm=8.573 steps/s=16.098
[TRAIN] step=004950 loss=0.193644 l1=0.139637 kld=0.005401 grad_norm=9.679 steps/s=16.081
[TRAIN] step=005000 loss=0.215974 l1=0.171879 kld=0.004410 grad_norm=8.839 steps/s=16.063
[EVAL] step=005000 eval_loss=0.233779 eval_l1=0.185376 eval_kld=0.004840
[SAVE] latest.pt step=5000
[TRAIN] step=005050 loss=0.204762 l1=0.155447 kld=0.004932 grad_norm=8.079 steps/s=15.795
[TRAIN] step=005100 loss=0.207946 l1=0.162157 kld=0.004579 grad_norm=9.211 steps/s=15.825
[TRAIN] step=005150 loss=0.206769 l1=0.158515 kld=0.004825 grad_norm=7.878 steps/s=15.809
[TRAIN] step=005200 loss=0.206150 l1=0.162087 kld=0.004406 grad_norm=8.280 steps/s=15.792
[TRAIN] step=005250 loss=0.189014 l1=0.145345 kld=0.004367 grad_norm=8.772 steps/s=15.781
[TRAIN] step=005300 loss=0.189180 l1=0.143282 kld=0.004590 grad_norm=8.361 steps/s=15.761
[TRAIN] step=005350 loss=0.179403 l1=0.136841 kld=0.004256 grad_norm=6.315 steps/s=15.742
[TRAIN] step=005400 loss=0.174799 l1=0.134968 kld=0.003983 grad_norm=7.359 steps/s=15.725
[TRAIN] step=005450 loss=0.178454 l1=0.137900 kld=0.004055 grad_norm=6.213 steps/s=15.713
[TRAIN] step=005500 loss=0.214974 l1=0.174612 kld=0.004036 grad_norm=7.638 steps/s=15.702
[TRAIN] step=005550 loss=0.168214 l1=0.134730 kld=0.003348 grad_norm=7.973 steps/s=15.690
[TRAIN] step=005600 loss=0.180079 l1=0.140242 kld=0.003984 grad_norm=7.662 steps/s=15.680
[TRAIN] step=005650 loss=0.198650 l1=0.164847 kld=0.003380 grad_norm=6.765 steps/s=15.671
[TRAIN] step=005700 loss=0.163025 l1=0.128048 kld=0.003498 grad_norm=9.786 steps/s=15.661
[TRAIN] step=005750 loss=0.169939 l1=0.136592 kld=0.003335 grad_norm=7.074 steps/s=15.650
[TRAIN] step=005800 loss=0.177147 l1=0.144785 kld=0.003236 grad_norm=6.062 steps/s=15.638
[TRAIN] step=005850 loss=0.166993 l1=0.134467 kld=0.003253 grad_norm=7.090 steps/s=15.627
[TRAIN] step=005900 loss=0.178054 l1=0.147872 kld=0.003018 grad_norm=5.951 steps/s=15.615
[TRAIN] step=005950 loss=0.170481 l1=0.143124 kld=0.002736 grad_norm=6.261 steps/s=15.604
[TRAIN] step=006000 loss=0.188022 l1=0.160019 kld=0.002800 grad_norm=5.814 steps/s=15.593
[EVAL] step=006000 eval_loss=0.202729 eval_l1=0.172251 eval_kld=0.003048
[SAVE] best.pt step=6000 best_eval_l1=0.172251
[TRAIN] step=006050 loss=0.202676 l1=0.175085 kld=0.002759 grad_norm=7.794 steps/s=15.434
[TRAIN] step=006100 loss=0.198059 l1=0.173537 kld=0.002452 grad_norm=6.459 steps/s=15.448
[TRAIN] step=006150 loss=0.163540 l1=0.133956 kld=0.002958 grad_norm=7.224 steps/s=15.465
[TRAIN] step=006200 loss=0.164637 l1=0.134879 kld=0.002976 grad_norm=7.594 steps/s=15.457
[TRAIN] step=006250 loss=0.171641 l1=0.146377 kld=0.002526 grad_norm=6.398 steps/s=15.446
[TRAIN] step=006300 loss=0.195367 l1=0.167157 kld=0.002821 grad_norm=6.665 steps/s=15.437
[TRAIN] step=006350 loss=0.162977 l1=0.136399 kld=0.002658 grad_norm=6.964 steps/s=15.426
[TRAIN] step=006400 loss=0.174160 l1=0.151408 kld=0.002275 grad_norm=5.782 steps/s=15.418
[TRAIN] step=006450 loss=0.151894 l1=0.127339 kld=0.002455 grad_norm=6.143 steps/s=15.410
[TRAIN] step=006500 loss=0.154958 l1=0.133400 kld=0.002156 grad_norm=4.833 steps/s=15.403
[TRAIN] step=006550 loss=0.157355 l1=0.136731 kld=0.002062 grad_norm=5.605 steps/s=15.396
[TRAIN] step=006600 loss=0.166848 l1=0.144786 kld=0.002206 grad_norm=6.627 steps/s=15.387
[TRAIN] step=006650 loss=0.172773 l1=0.152475 kld=0.002030 grad_norm=5.471 steps/s=15.380
[TRAIN] step=006700 loss=0.147298 l1=0.128137 kld=0.001916 grad_norm=5.131 steps/s=15.373
[TRAIN] step=006750 loss=0.148323 l1=0.127963 kld=0.002036 grad_norm=5.878 steps/s=15.367
[TRAIN] step=006800 loss=0.148981 l1=0.129812 kld=0.001917 grad_norm=4.461 steps/s=15.362
[TRAIN] step=006850 loss=0.152621 l1=0.134463 kld=0.001816 grad_norm=4.483 steps/s=15.356
[TRAIN] step=006900 loss=0.180375 l1=0.158999 kld=0.002138 grad_norm=6.996 steps/s=15.352
[TRAIN] step=006950 loss=0.161322 l1=0.144889 kld=0.001643 grad_norm=5.723 steps/s=15.345
[TRAIN] step=007000 loss=0.157653 l1=0.139716 kld=0.001794 grad_norm=6.154 steps/s=15.339
[EVAL] step=007000 eval_loss=0.182362 eval_l1=0.165188 eval_kld=0.001717
[SAVE] best.pt step=7000 best_eval_l1=0.165188
[TRAIN] step=007050 loss=0.146047 l1=0.131180 kld=0.001487 grad_norm=6.054 steps/s=15.209
[TRAIN] step=007100 loss=0.178859 l1=0.164120 kld=0.001474 grad_norm=5.300 steps/s=15.211
[TRAIN] step=007150 loss=0.160616 l1=0.143915 kld=0.001670 grad_norm=5.376 steps/s=15.225
[TRAIN] step=007200 loss=0.185051 l1=0.169660 kld=0.001539 grad_norm=5.281 steps/s=15.258
[TRAIN] step=007250 loss=0.173541 l1=0.157069 kld=0.001647 grad_norm=5.463 steps/s=15.268
[TRAIN] step=007300 loss=0.176548 l1=0.162154 kld=0.001439 grad_norm=5.665 steps/s=15.262
[TRAIN] step=007350 loss=0.133470 l1=0.117807 kld=0.001566 grad_norm=6.219 steps/s=15.253
[TRAIN] step=007400 loss=0.142941 l1=0.130884 kld=0.001206 grad_norm=4.393 steps/s=15.245
[TRAIN] step=007450 loss=0.154560 l1=0.142251 kld=0.001231 grad_norm=4.895 steps/s=15.240
[TRAIN] step=007500 loss=0.143269 l1=0.131091 kld=0.001218 grad_norm=5.218 steps/s=15.231
[TRAIN] step=007550 loss=0.125597 l1=0.114095 kld=0.001150 grad_norm=4.190 steps/s=15.224
[TRAIN] step=007600 loss=0.182608 l1=0.170189 kld=0.001242 grad_norm=5.340 steps/s=15.221
[TRAIN] step=007650 loss=0.167229 l1=0.153817 kld=0.001341 grad_norm=4.473 steps/s=15.219
[TRAIN] step=007700 loss=0.159470 l1=0.147379 kld=0.001209 grad_norm=5.007 steps/s=15.217
[TRAIN] step=007750 loss=0.157897 l1=0.147836 kld=0.001006 grad_norm=4.947 steps/s=15.212
[TRAIN] step=007800 loss=0.168228 l1=0.157505 kld=0.001072 grad_norm=5.065 steps/s=15.205
[TRAIN] step=007850 loss=0.163460 l1=0.152236 kld=0.001122 grad_norm=4.975 steps/s=15.197
[TRAIN] step=007900 loss=0.141229 l1=0.131888 kld=0.000934 grad_norm=5.194 steps/s=15.194
[TRAIN] step=007950 loss=0.138632 l1=0.126937 kld=0.001170 grad_norm=3.981 steps/s=15.191
[TRAIN] step=008000 loss=0.145563 l1=0.136529 kld=0.000903 grad_norm=3.920 steps/s=15.187
[EVAL] step=008000 eval_loss=0.177350 eval_l1=0.168367 eval_kld=0.000898
[TRAIN] step=008050 loss=0.155499 l1=0.146829 kld=0.000867 grad_norm=4.447 steps/s=15.098
[TRAIN] step=008100 loss=0.162988 l1=0.153453 kld=0.000954 grad_norm=4.901 steps/s=15.091
[TRAIN] step=008150 loss=0.168213 l1=0.160555 kld=0.000766 grad_norm=3.800 steps/s=15.084
[TRAIN] step=008200 loss=0.128861 l1=0.121572 kld=0.000729 grad_norm=3.503 steps/s=15.083
[TRAIN] step=008250 loss=0.142914 l1=0.134331 kld=0.000858 grad_norm=4.246 steps/s=15.099
[TRAIN] step=008300 loss=0.161851 l1=0.153467 kld=0.000838 grad_norm=4.650 steps/s=15.107
[TRAIN] step=008350 loss=0.127589 l1=0.120759 kld=0.000683 grad_norm=4.065 steps/s=15.102
[TRAIN] step=008400 loss=0.157465 l1=0.150371 kld=0.000709 grad_norm=4.617 steps/s=15.098
[TRAIN] step=008450 loss=0.145060 l1=0.138093 kld=0.000697 grad_norm=4.422 steps/s=15.095
[TRAIN] step=008500 loss=0.138250 l1=0.132605 kld=0.000565 grad_norm=3.466 steps/s=15.091
[TRAIN] step=008550 loss=0.156722 l1=0.151470 kld=0.000525 grad_norm=3.690 steps/s=15.086
[TRAIN] step=008600 loss=0.166797 l1=0.160714 kld=0.000608 grad_norm=4.044 steps/s=15.083
[TRAIN] step=008650 loss=0.133100 l1=0.125770 kld=0.000733 grad_norm=3.857 steps/s=15.080
[TRAIN] step=008700 loss=0.138513 l1=0.133234 kld=0.000528 grad_norm=5.090 steps/s=15.076
[TRAIN] step=008750 loss=0.144937 l1=0.138957 kld=0.000598 grad_norm=4.269 steps/s=15.072
[TRAIN] step=008800 loss=0.137503 l1=0.132291 kld=0.000521 grad_norm=3.127 steps/s=15.068
[TRAIN] step=008850 loss=0.138797 l1=0.133456 kld=0.000534 grad_norm=5.018 steps/s=15.065
[TRAIN] step=008900 loss=0.137003 l1=0.132165 kld=0.000484 grad_norm=3.275 steps/s=15.061
[TRAIN] step=008950 loss=0.139589 l1=0.134062 kld=0.000553 grad_norm=3.101 steps/s=15.057
[TRAIN] step=009000 loss=0.117005 l1=0.112673 kld=0.000433 grad_norm=3.855 steps/s=15.053
[EVAL] step=009000 eval_loss=0.171378 eval_l1=0.166685 eval_kld=0.000469
[TRAIN] step=009050 loss=0.148109 l1=0.141624 kld=0.000648 grad_norm=3.906 steps/s=14.975
[TRAIN] step=009100 loss=0.145146 l1=0.140720 kld=0.000443 grad_norm=3.870 steps/s=14.974
[TRAIN] step=009150 loss=0.142939 l1=0.138916 kld=0.000402 grad_norm=2.862 steps/s=14.973
[TRAIN] step=009200 loss=0.187734 l1=0.183991 kld=0.000374 grad_norm=3.416 steps/s=14.973
[TRAIN] step=009250 loss=0.150401 l1=0.146739 kld=0.000366 grad_norm=3.690 steps/s=14.974
[TRAIN] step=009300 loss=0.134496 l1=0.130738 kld=0.000376 grad_norm=3.575 steps/s=14.986
[TRAIN] step=009350 loss=0.128585 l1=0.124896 kld=0.000369 grad_norm=3.625 steps/s=15.001
[TRAIN] step=009400 loss=0.147771 l1=0.143794 kld=0.000398 grad_norm=4.160 steps/s=14.998
[TRAIN] step=009450 loss=0.124863 l1=0.121182 kld=0.000368 grad_norm=3.147 steps/s=14.997
[TRAIN] step=009500 loss=0.154268 l1=0.150593 kld=0.000367 grad_norm=4.101 steps/s=14.997
[TRAIN] step=009550 loss=0.119640 l1=0.115767 kld=0.000387 grad_norm=3.369 steps/s=14.994
[TRAIN] step=009600 loss=0.117402 l1=0.114100 kld=0.000330 grad_norm=3.560 steps/s=14.992
[TRAIN] step=009650 loss=0.129687 l1=0.126678 kld=0.000301 grad_norm=3.689 steps/s=14.990
[TRAIN] step=009700 loss=0.135995 l1=0.133260 kld=0.000273 grad_norm=4.527 steps/s=14.987
[TRAIN] step=009750 loss=0.117920 l1=0.115011 kld=0.000291 grad_norm=3.483 steps/s=14.985
[TRAIN] step=009800 loss=0.126388 l1=0.123182 kld=0.000321 grad_norm=3.278 steps/s=14.982
[TRAIN] step=009850 loss=0.126004 l1=0.122402 kld=0.000360 grad_norm=3.667 steps/s=14.978
[TRAIN] step=009900 loss=0.138916 l1=0.136031 kld=0.000288 grad_norm=3.364 steps/s=14.975
[TRAIN] step=009950 loss=0.147598 l1=0.144790 kld=0.000281 grad_norm=3.371 steps/s=14.970
[TRAIN] step=010000 loss=0.136739 l1=0.134534 kld=0.000221 grad_norm=3.115 steps/s=14.968
[EVAL] step=010000 eval_loss=0.172020 eval_l1=0.169408 eval_kld=0.000261
[SAVE] latest.pt step=10000
[TRAIN] step=010050 loss=0.147765 l1=0.145212 kld=0.000255 grad_norm=3.204 steps/s=14.863
[TRAIN] step=010100 loss=0.152274 l1=0.149961 kld=0.000231 grad_norm=3.140 steps/s=14.862
[TRAIN] step=010150 loss=0.121586 l1=0.119157 kld=0.000243 grad_norm=2.693 steps/s=14.859
[TRAIN] step=010200 loss=0.155333 l1=0.152915 kld=0.000242 grad_norm=3.684 steps/s=14.857
[TRAIN] step=010250 loss=0.117860 l1=0.115169 kld=0.000269 grad_norm=3.418 steps/s=14.856
[TRAIN] step=010300 loss=0.135449 l1=0.133365 kld=0.000208 grad_norm=3.443 steps/s=14.863
[TRAIN] step=010350 loss=0.128889 l1=0.126757 kld=0.000213 grad_norm=3.085 steps/s=14.869
[TRAIN] step=010400 loss=0.134339 l1=0.132133 kld=0.000221 grad_norm=3.020 steps/s=14.869
[TRAIN] step=010450 loss=0.159028 l1=0.157173 kld=0.000186 grad_norm=3.745 steps/s=14.868
[TRAIN] step=010500 loss=0.122946 l1=0.121020 kld=0.000193 grad_norm=3.017 steps/s=14.866
[TRAIN] step=010550 loss=0.128551 l1=0.126618 kld=0.000193 grad_norm=3.727 steps/s=14.865
[TRAIN] step=010600 loss=0.128656 l1=0.126706 kld=0.000195 grad_norm=2.711 steps/s=14.864
[TRAIN] step=010650 loss=0.106238 l1=0.104413 kld=0.000183 grad_norm=3.015 steps/s=14.863
[TRAIN] step=010700 loss=0.140922 l1=0.139229 kld=0.000169 grad_norm=3.070 steps/s=14.861
[TRAIN] step=010750 loss=0.137164 l1=0.135232 kld=0.000193 grad_norm=2.809 steps/s=14.858
[TRAIN] step=010800 loss=0.110211 l1=0.108539 kld=0.000167 grad_norm=2.944 steps/s=14.854
[TRAIN] step=010850 loss=0.170860 l1=0.169415 kld=0.000145 grad_norm=2.667 steps/s=14.853
[TRAIN] step=010900 loss=0.141811 l1=0.140459 kld=0.000135 grad_norm=3.298 steps/s=14.850
[TRAIN] step=010950 loss=0.120560 l1=0.118707 kld=0.000185 grad_norm=3.345 steps/s=14.848
[TRAIN] step=011000 loss=0.137837 l1=0.136343 kld=0.000149 grad_norm=2.790 steps/s=14.847
[EVAL] step=011000 eval_loss=0.165580 eval_l1=0.164107 eval_kld=0.000147
[SAVE] best.pt step=11000 best_eval_l1=0.164107
[TRAIN] step=011050 loss=0.118390 l1=0.116580 kld=0.000181 grad_norm=3.036 steps/s=14.757
[TRAIN] step=011100 loss=0.127841 l1=0.126576 kld=0.000127 grad_norm=3.214 steps/s=14.755
[TRAIN] step=011150 loss=0.137534 l1=0.136307 kld=0.000123 grad_norm=2.886 steps/s=14.754
[TRAIN] step=011200 loss=0.130973 l1=0.129653 kld=0.000132 grad_norm=3.833 steps/s=14.752
[TRAIN] step=011250 loss=0.117627 l1=0.116468 kld=0.000116 grad_norm=2.767 steps/s=14.750
[TRAIN] step=011300 loss=0.123904 l1=0.122614 kld=0.000129 grad_norm=2.362 steps/s=14.757
[TRAIN] step=011350 loss=0.130056 l1=0.128796 kld=0.000126 grad_norm=3.092 steps/s=14.769
[TRAIN] step=011400 loss=0.135635 l1=0.134622 kld=0.000101 grad_norm=2.435 steps/s=14.767
[TRAIN] step=011450 loss=0.131166 l1=0.129768 kld=0.000140 grad_norm=2.524 steps/s=14.765
[TRAIN] step=011500 loss=0.108816 l1=0.107711 kld=0.000111 grad_norm=2.556 steps/s=14.760
[TRAIN] step=011550 loss=0.134435 l1=0.133415 kld=0.000102 grad_norm=2.858 steps/s=14.758
[TRAIN] step=011600 loss=0.163755 l1=0.162593 kld=0.000116 grad_norm=3.308 steps/s=14.757
[TRAIN] step=011650 loss=0.132542 l1=0.131612 kld=0.000093 grad_norm=2.896 steps/s=14.753
[TRAIN] step=011700 loss=0.118859 l1=0.117604 kld=0.000125 grad_norm=2.836 steps/s=14.752
[TRAIN] step=011750 loss=0.098773 l1=0.097057 kld=0.000172 grad_norm=3.205 steps/s=14.749
[TRAIN] step=011800 loss=0.119711 l1=0.118598 kld=0.000111 grad_norm=2.880 steps/s=14.748
[TRAIN] step=011850 loss=0.126189 l1=0.125284 kld=0.000090 grad_norm=3.097 steps/s=14.747
[TRAIN] step=011900 loss=0.122788 l1=0.121745 kld=0.000104 grad_norm=2.698 steps/s=14.746
[TRAIN] step=011950 loss=0.123312 l1=0.122044 kld=0.000127 grad_norm=2.317 steps/s=14.745
[TRAIN] step=012000 loss=0.109079 l1=0.108142 kld=0.000094 grad_norm=2.372 steps/s=14.744
[EVAL] step=012000 eval_loss=0.161963 eval_l1=0.161006 eval_kld=0.000096
[SAVE] best.pt step=12000 best_eval_l1=0.161006
[TRAIN] step=012050 loss=0.123299 l1=0.122143 kld=0.000116 grad_norm=2.535 steps/s=14.669
[TRAIN] step=012100 loss=0.114903 l1=0.113984 kld=0.000092 grad_norm=2.738 steps/s=14.669
[TRAIN] step=012150 loss=0.122579 l1=0.120939 kld=0.000164 grad_norm=2.532 steps/s=14.669
[TRAIN] step=012200 loss=0.138861 l1=0.137932 kld=0.000093 grad_norm=2.979 steps/s=14.670
[TRAIN] step=012250 loss=0.110749 l1=0.109909 kld=0.000084 grad_norm=2.315 steps/s=14.668
[TRAIN] step=012300 loss=0.123352 l1=0.122576 kld=0.000078 grad_norm=2.253 steps/s=14.670
[TRAIN] step=012350 loss=0.128082 l1=0.127151 kld=0.000093 grad_norm=2.888 steps/s=14.682
[TRAIN] step=012400 loss=0.148254 l1=0.147335 kld=0.000092 grad_norm=3.070 steps/s=14.700
[TRAIN] step=012450 loss=0.149283 l1=0.148448 kld=0.000084 grad_norm=3.460 steps/s=14.700
[TRAIN] step=012500 loss=0.134272 l1=0.133248 kld=0.000102 grad_norm=3.480 steps/s=14.699
[TRAIN] step=012550 loss=0.143353 l1=0.142260 kld=0.000109 grad_norm=2.617 steps/s=14.698
[TRAIN] step=012600 loss=0.123075 l1=0.122162 kld=0.000091 grad_norm=3.331 steps/s=14.697
[TRAIN] step=012650 loss=0.128042 l1=0.127220 kld=0.000082 grad_norm=2.546 steps/s=14.695
[TRAIN] step=012700 loss=0.135943 l1=0.135106 kld=0.000084 grad_norm=2.499 steps/s=14.695
[TRAIN] step=012750 loss=0.127795 l1=0.127076 kld=0.000072 grad_norm=3.302 steps/s=14.695
[TRAIN] step=012800 loss=0.116705 l1=0.115987 kld=0.000072 grad_norm=2.578 steps/s=14.694
[TRAIN] step=012850 loss=0.106837 l1=0.105851 kld=0.000099 grad_norm=2.745 steps/s=14.694
[TRAIN] step=012900 loss=0.141993 l1=0.141112 kld=0.000088 grad_norm=2.813 steps/s=14.693
[TRAIN] step=012950 loss=0.129567 l1=0.128785 kld=0.000078 grad_norm=2.635 steps/s=14.692
[TRAIN] step=013000 loss=0.153241 l1=0.152523 kld=0.000072 grad_norm=2.424 steps/s=14.692
[EVAL] step=013000 eval_loss=0.163711 eval_l1=0.162970 eval_kld=0.000074
[TRAIN] step=013050 loss=0.132058 l1=0.131267 kld=0.000079 grad_norm=3.105 steps/s=14.638
[TRAIN] step=013100 loss=0.118605 l1=0.117858 kld=0.000075 grad_norm=2.386 steps/s=14.637
[TRAIN] step=013150 loss=0.151111 l1=0.150412 kld=0.000070 grad_norm=3.075 steps/s=14.636
[TRAIN] step=013200 loss=0.128319 l1=0.127683 kld=0.000064 grad_norm=2.238 steps/s=14.637
[TRAIN] step=013250 loss=0.136391 l1=0.135801 kld=0.000059 grad_norm=3.201 steps/s=14.638
[TRAIN] step=013300 loss=0.135086 l1=0.134365 kld=0.000072 grad_norm=2.643 steps/s=14.637
[TRAIN] step=013350 loss=0.147793 l1=0.147161 kld=0.000063 grad_norm=2.585 steps/s=14.637
[TRAIN] step=013400 loss=0.100361 l1=0.099685 kld=0.000068 grad_norm=3.311 steps/s=14.643
[TRAIN] step=013450 loss=0.139798 l1=0.139108 kld=0.000069 grad_norm=2.926 steps/s=14.654
[TRAIN] step=013500 loss=0.121661 l1=0.120837 kld=0.000082 grad_norm=2.756 steps/s=14.651
[TRAIN] step=013550 loss=0.108095 l1=0.107356 kld=0.000074 grad_norm=2.465 steps/s=14.650
[TRAIN] step=013600 loss=0.123494 l1=0.122717 kld=0.000078 grad_norm=2.945 steps/s=14.650
[TRAIN] step=013650 loss=0.109438 l1=0.108748 kld=0.000069 grad_norm=2.417 steps/s=14.650
[TRAIN] step=013700 loss=0.108961 l1=0.108002 kld=0.000096 grad_norm=2.886 steps/s=14.651
[TRAIN] step=013750 loss=0.147953 l1=0.147285 kld=0.000067 grad_norm=3.611 steps/s=14.650
[TRAIN] step=013800 loss=0.129920 l1=0.129337 kld=0.000058 grad_norm=2.531 steps/s=14.650
[TRAIN] step=013850 loss=0.128699 l1=0.127977 kld=0.000072 grad_norm=2.670 steps/s=14.649
[TRAIN] step=013900 loss=0.111439 l1=0.110735 kld=0.000070 grad_norm=1.776 steps/s=14.649
[TRAIN] step=013950 loss=0.136226 l1=0.135598 kld=0.000063 grad_norm=3.279 steps/s=14.649
[TRAIN] step=014000 loss=0.120910 l1=0.120349 kld=0.000056 grad_norm=2.488 steps/s=14.648
[EVAL] step=014000 eval_loss=0.162458 eval_l1=0.161876 eval_kld=0.000058
[TRAIN] step=014050 loss=0.150305 l1=0.149651 kld=0.000065 grad_norm=2.591 steps/s=14.602
[TRAIN] step=014100 loss=0.119746 l1=0.119177 kld=0.000057 grad_norm=2.292 steps/s=14.602
[TRAIN] step=014150 loss=0.138101 l1=0.137393 kld=0.000071 grad_norm=2.687 steps/s=14.601
[TRAIN] step=014200 loss=0.118830 l1=0.117690 kld=0.000114 grad_norm=2.351 steps/s=14.601
[TRAIN] step=014250 loss=0.147556 l1=0.146935 kld=0.000062 grad_norm=3.036 steps/s=14.601
[TRAIN] step=014300 loss=0.164619 l1=0.164054 kld=0.000056 grad_norm=2.770 steps/s=14.602
[TRAIN] step=014350 loss=0.108113 l1=0.107343 kld=0.000077 grad_norm=2.639 steps/s=14.602
[TRAIN] step=014400 loss=0.118159 l1=0.117571 kld=0.000059 grad_norm=2.622 steps/s=14.602
[TRAIN] step=014450 loss=0.108405 l1=0.107738 kld=0.000067 grad_norm=2.802 steps/s=14.607
[TRAIN] step=014500 loss=0.124818 l1=0.124038 kld=0.000078 grad_norm=3.063 steps/s=14.618
[TRAIN] step=014550 loss=0.145061 l1=0.144389 kld=0.000067 grad_norm=3.032 steps/s=14.618
[TRAIN] step=014600 loss=0.150701 l1=0.150145 kld=0.000056 grad_norm=2.981 steps/s=14.618
[TRAIN] step=014650 loss=0.124934 l1=0.124370 kld=0.000056 grad_norm=3.854 steps/s=14.619
[TRAIN] step=014700 loss=0.130138 l1=0.129638 kld=0.000050 grad_norm=2.652 steps/s=14.618
[TRAIN] step=014750 loss=0.109225 l1=0.108684 kld=0.000054 grad_norm=2.427 steps/s=14.617
[TRAIN] step=014800 loss=0.127047 l1=0.126523 kld=0.000052 grad_norm=3.126 steps/s=14.617
[TRAIN] step=014850 loss=0.121060 l1=0.120540 kld=0.000052 grad_norm=2.021 steps/s=14.616
[TRAIN] step=014900 loss=0.101331 l1=0.100851 kld=0.000048 grad_norm=2.054 steps/s=14.616
[TRAIN] step=014950 loss=0.125200 l1=0.124718 kld=0.000048 grad_norm=2.487 steps/s=14.617
[TRAIN] step=015000 loss=0.134645 l1=0.134113 kld=0.000053 grad_norm=2.665 steps/s=14.617
[EVAL] step=015000 eval_loss=0.170081 eval_l1=0.169604 eval_kld=0.000048
[SAVE] latest.pt step=15000
[TRAIN] step=015050 loss=0.145686 l1=0.145253 kld=0.000043 grad_norm=2.414 steps/s=14.546
[TRAIN] step=015100 loss=0.112110 l1=0.111474 kld=0.000064 grad_norm=2.829 steps/s=14.546
[TRAIN] step=015150 loss=0.139137 l1=0.138591 kld=0.000055 grad_norm=2.926 steps/s=14.547
[TRAIN] step=015200 loss=0.106273 l1=0.105791 kld=0.000048 grad_norm=2.696 steps/s=14.547
[TRAIN] step=015250 loss=0.109103 l1=0.108604 kld=0.000050 grad_norm=1.917 steps/s=14.547
[TRAIN] step=015300 loss=0.097941 l1=0.097555 kld=0.000039 grad_norm=2.437 steps/s=14.547
[TRAIN] step=015350 loss=0.115756 l1=0.114844 kld=0.000091 grad_norm=2.486 steps/s=14.548
[TRAIN] step=015400 loss=0.119471 l1=0.118952 kld=0.000052 grad_norm=2.869 steps/s=14.549
[TRAIN] step=015450 loss=0.126113 l1=0.125608 kld=0.000051 grad_norm=3.269 steps/s=14.551
[TRAIN] step=015500 loss=0.130994 l1=0.130420 kld=0.000057 grad_norm=3.710 steps/s=14.558
[TRAIN] step=015550 loss=0.106405 l1=0.105920 kld=0.000049 grad_norm=2.067 steps/s=14.557
[TRAIN] step=015600 loss=0.147499 l1=0.147100 kld=0.000040 grad_norm=2.978 steps/s=14.557
[TRAIN] step=015650 loss=0.121761 l1=0.121238 kld=0.000052 grad_norm=2.903 steps/s=14.558
[TRAIN] step=015700 loss=0.129036 l1=0.128576 kld=0.000046 grad_norm=2.497 steps/s=14.559
[TRAIN] step=015750 loss=0.120701 l1=0.120259 kld=0.000044 grad_norm=2.353 steps/s=14.559
[TRAIN] step=015800 loss=0.139536 l1=0.139134 kld=0.000040 grad_norm=2.244 steps/s=14.559
[TRAIN] step=015850 loss=0.128759 l1=0.128237 kld=0.000052 grad_norm=2.634 steps/s=14.559
[TRAIN] step=015900 loss=0.170918 l1=0.170426 kld=0.000049 grad_norm=2.966 steps/s=14.559
[TRAIN] step=015950 loss=0.113054 l1=0.112648 kld=0.000041 grad_norm=2.263 steps/s=14.559
[TRAIN] step=016000 loss=0.136154 l1=0.135673 kld=0.000048 grad_norm=2.912 steps/s=14.559
[EVAL] step=016000 eval_loss=0.164136 eval_l1=0.163705 eval_kld=0.000043
[TRAIN] step=016050 loss=0.140513 l1=0.140042 kld=0.000047 grad_norm=2.530 steps/s=14.519
[TRAIN] step=016100 loss=0.122201 l1=0.121818 kld=0.000038 grad_norm=3.574 steps/s=14.519
[TRAIN] step=016150 loss=0.117877 l1=0.117394 kld=0.000048 grad_norm=2.646 steps/s=14.518
[TRAIN] step=016200 loss=0.102585 l1=0.102194 kld=0.000039 grad_norm=2.646 steps/s=14.518
[TRAIN] step=016250 loss=0.115320 l1=0.114953 kld=0.000037 grad_norm=2.538 steps/s=14.518
[TRAIN] step=016300 loss=0.118125 l1=0.117626 kld=0.000050 grad_norm=2.493 steps/s=14.518
[TRAIN] step=016350 loss=0.125607 l1=0.125065 kld=0.000054 grad_norm=2.364 steps/s=14.518
[TRAIN] step=016400 loss=0.127743 l1=0.127369 kld=0.000037 grad_norm=2.440 steps/s=14.518
[TRAIN] step=016450 loss=0.111402 l1=0.110982 kld=0.000042 grad_norm=2.381 steps/s=14.518
[TRAIN] step=016500 loss=0.141146 l1=0.140757 kld=0.000039 grad_norm=2.846 steps/s=14.524
[TRAIN] step=016550 loss=0.132459 l1=0.131913 kld=0.000055 grad_norm=3.597 steps/s=14.538
[TRAIN] step=016600 loss=0.103083 l1=0.102748 kld=0.000033 grad_norm=3.123 steps/s=14.540
[TRAIN] step=016650 loss=0.121366 l1=0.120921 kld=0.000045 grad_norm=2.259 steps/s=14.539
[TRAIN] step=016700 loss=0.132667 l1=0.132247 kld=0.000042 grad_norm=2.614 steps/s=14.539
[TRAIN] step=016750 loss=0.114760 l1=0.114320 kld=0.000044 grad_norm=2.327 steps/s=14.538
[TRAIN] step=016800 loss=0.133155 l1=0.132780 kld=0.000038 grad_norm=2.673 steps/s=14.536
[TRAIN] step=016850 loss=0.127344 l1=0.127023 kld=0.000032 grad_norm=2.288 steps/s=14.535
[TRAIN] step=016900 loss=0.133836 l1=0.133434 kld=0.000040 grad_norm=2.751 steps/s=14.534
[TRAIN] step=016950 loss=0.124585 l1=0.124259 kld=0.000033 grad_norm=2.289 steps/s=14.534
[TRAIN] step=017000 loss=0.134641 l1=0.134255 kld=0.000039 grad_norm=2.496 steps/s=14.534
[EVAL] step=017000 eval_loss=0.159664 eval_l1=0.159279 eval_kld=0.000038
[SAVE] best.pt step=17000 best_eval_l1=0.159279
[TRAIN] step=017050 loss=0.112795 l1=0.112475 kld=0.000032 grad_norm=2.302 steps/s=14.481
[TRAIN] step=017100 loss=0.103231 l1=0.102830 kld=0.000040 grad_norm=3.360 steps/s=14.480
[TRAIN] step=017150 loss=0.116238 l1=0.115797 kld=0.000044 grad_norm=2.216 steps/s=14.480
[TRAIN] step=017200 loss=0.110359 l1=0.110003 kld=0.000036 grad_norm=2.311 steps/s=14.479
[TRAIN] step=017250 loss=0.131647 l1=0.131299 kld=0.000035 grad_norm=2.670 steps/s=14.478
[TRAIN] step=017300 loss=0.139403 l1=0.138983 kld=0.000042 grad_norm=2.316 steps/s=14.478
[TRAIN] step=017350 loss=0.103217 l1=0.102751 kld=0.000047 grad_norm=2.464 steps/s=14.477
[TRAIN] step=017400 loss=0.129983 l1=0.129595 kld=0.000039 grad_norm=1.838 steps/s=14.477
[TRAIN] step=017450 loss=0.131174 l1=0.130765 kld=0.000041 grad_norm=3.130 steps/s=14.478
[TRAIN] step=017500 loss=0.155748 l1=0.155388 kld=0.000036 grad_norm=2.703 steps/s=14.479
[TRAIN] step=017550 loss=0.122296 l1=0.121833 kld=0.000046 grad_norm=2.395 steps/s=14.486
[TRAIN] step=017600 loss=0.119556 l1=0.119155 kld=0.000040 grad_norm=2.145 steps/s=14.500
[TRAIN] step=017650 loss=0.113720 l1=0.113354 kld=0.000037 grad_norm=3.125 steps/s=14.500
[TRAIN] step=017700 loss=0.111439 l1=0.111154 kld=0.000028 grad_norm=2.349 steps/s=14.500
[TRAIN] step=017750 loss=0.113629 l1=0.113280 kld=0.000035 grad_norm=2.767 steps/s=14.501
[TRAIN] step=017800 loss=0.142674 l1=0.142288 kld=0.000039 grad_norm=2.163 steps/s=14.501
[TRAIN] step=017850 loss=0.098465 l1=0.098134 kld=0.000033 grad_norm=2.324 steps/s=14.499
[TRAIN] step=017900 loss=0.126124 l1=0.125733 kld=0.000039 grad_norm=3.198 steps/s=14.500
[TRAIN] step=017950 loss=0.097949 l1=0.097585 kld=0.000036 grad_norm=2.226 steps/s=14.500
[TRAIN] step=018000 loss=0.122160 l1=0.121788 kld=0.000037 grad_norm=2.385 steps/s=14.500
[EVAL] step=018000 eval_loss=0.157460 eval_l1=0.157154 eval_kld=0.000031
[SAVE] best.pt step=18000 best_eval_l1=0.157154
[TRAIN] step=018050 loss=0.142647 l1=0.142305 kld=0.000034 grad_norm=2.234 steps/s=14.449
[TRAIN] step=018100 loss=0.162584 l1=0.162296 kld=0.000029 grad_norm=1.766 steps/s=14.448
[TRAIN] step=018150 loss=0.131896 l1=0.131608 kld=0.000029 grad_norm=2.736 steps/s=14.447
[TRAIN] step=018200 loss=0.134116 l1=0.133789 kld=0.000033 grad_norm=3.486 steps/s=14.447
[TRAIN] step=018250 loss=0.103656 l1=0.103341 kld=0.000032 grad_norm=3.540 steps/s=14.447
[TRAIN] step=018300 loss=0.114068 l1=0.113784 kld=0.000028 grad_norm=2.423 steps/s=14.447
[TRAIN] step=018350 loss=0.107386 l1=0.107069 kld=0.000032 grad_norm=1.810 steps/s=14.446
[TRAIN] step=018400 loss=0.116826 l1=0.116512 kld=0.000031 grad_norm=2.197 steps/s=14.446
[TRAIN] step=018450 loss=0.108625 l1=0.108157 kld=0.000047 grad_norm=2.430 steps/s=14.447
[TRAIN] step=018500 loss=0.137667 l1=0.137339 kld=0.000033 grad_norm=1.980 steps/s=14.447
[TRAIN] step=018550 loss=0.122496 l1=0.122189 kld=0.000031 grad_norm=2.254 steps/s=14.450
[TRAIN] step=018600 loss=0.112385 l1=0.112118 kld=0.000027 grad_norm=2.505 steps/s=14.458
[TRAIN] step=018650 loss=0.127107 l1=0.126833 kld=0.000027 grad_norm=2.682 steps/s=14.463
[TRAIN] step=018700 loss=0.122146 l1=0.121833 kld=0.000031 grad_norm=3.449 steps/s=14.464
[TRAIN] step=018750 loss=0.113468 l1=0.113214 kld=0.000025 grad_norm=2.918 steps/s=14.464
[TRAIN] step=018800 loss=0.114324 l1=0.114030 kld=0.000029 grad_norm=3.294 steps/s=14.463
[TRAIN] step=018850 loss=0.149776 l1=0.149446 kld=0.000033 grad_norm=2.715 steps/s=14.463
[TRAIN] step=018900 loss=0.142350 l1=0.142067 kld=0.000028 grad_norm=2.102 steps/s=14.464
[TRAIN] step=018950 loss=0.109592 l1=0.109301 kld=0.000029 grad_norm=2.232 steps/s=14.463
[TRAIN] step=019000 loss=0.111862 l1=0.111544 kld=0.000032 grad_norm=1.939 steps/s=14.462
[EVAL] step=019000 eval_loss=0.158162 eval_l1=0.157894 eval_kld=0.000027
[TRAIN] step=019050 loss=0.126698 l1=0.126416 kld=0.000028 grad_norm=1.925 steps/s=14.430
[TRAIN] step=019100 loss=0.117427 l1=0.117148 kld=0.000028 grad_norm=2.771 steps/s=14.431
[TRAIN] step=019150 loss=0.125944 l1=0.125595 kld=0.000035 grad_norm=2.395 steps/s=14.431
[TRAIN] step=019200 loss=0.099581 l1=0.099301 kld=0.000028 grad_norm=1.994 steps/s=14.432
[TRAIN] step=019250 loss=0.144287 l1=0.143968 kld=0.000032 grad_norm=2.741 steps/s=14.432
[TRAIN] step=019300 loss=0.128248 l1=0.127972 kld=0.000028 grad_norm=2.816 steps/s=14.431
[TRAIN] step=019350 loss=0.105454 l1=0.105148 kld=0.000031 grad_norm=2.276 steps/s=14.430
[TRAIN] step=019400 loss=0.111873 l1=0.111568 kld=0.000031 grad_norm=2.534 steps/s=14.428
[TRAIN] step=019450 loss=0.139878 l1=0.139614 kld=0.000026 grad_norm=2.642 steps/s=14.427
[TRAIN] step=019500 loss=0.124332 l1=0.123959 kld=0.000037 grad_norm=2.447 steps/s=14.428
[TRAIN] step=019550 loss=0.150704 l1=0.150435 kld=0.000027 grad_norm=2.337 steps/s=14.428
[TRAIN] step=019600 loss=0.110327 l1=0.110042 kld=0.000029 grad_norm=2.497 steps/s=14.431
[TRAIN] step=019650 loss=0.128987 l1=0.128699 kld=0.000029 grad_norm=2.561 steps/s=14.439
[TRAIN] step=019700 loss=0.153884 l1=0.153523 kld=0.000036 grad_norm=3.187 steps/s=14.438
[TRAIN] step=019750 loss=0.152394 l1=0.152118 kld=0.000028 grad_norm=2.361 steps/s=14.438
[TRAIN] step=019800 loss=0.115886 l1=0.115536 kld=0.000035 grad_norm=2.577 steps/s=14.438
[TRAIN] step=019850 loss=0.122832 l1=0.122560 kld=0.000027 grad_norm=3.394 steps/s=14.439
[TRAIN] step=019900 loss=0.129015 l1=0.128646 kld=0.000037 grad_norm=1.779 steps/s=14.438
[TRAIN] step=019950 loss=0.150641 l1=0.150351 kld=0.000029 grad_norm=2.184 steps/s=14.439
[TRAIN] step=020000 loss=0.099795 l1=0.099508 kld=0.000029 grad_norm=2.031 steps/s=14.440
[EVAL] step=020000 eval_loss=0.162587 eval_l1=0.162295 eval_kld=0.000029
[SAVE] latest.pt step=20000
[TRAIN] step=020050 loss=0.094355 l1=0.094065 kld=0.000029 grad_norm=2.079 steps/s=14.384
[TRAIN] step=020100 loss=0.114074 l1=0.113662 kld=0.000041 grad_norm=2.333 steps/s=14.384
[TRAIN] step=020150 loss=0.106778 l1=0.106553 kld=0.000022 grad_norm=2.277 steps/s=14.385
[TRAIN] step=020200 loss=0.138599 l1=0.138332 kld=0.000027 grad_norm=2.349 steps/s=14.386
[TRAIN] step=020250 loss=0.098328 l1=0.098004 kld=0.000032 grad_norm=2.267 steps/s=14.386
[TRAIN] step=020300 loss=0.112897 l1=0.112612 kld=0.000029 grad_norm=2.235 steps/s=14.386
[TRAIN] step=020350 loss=0.168854 l1=0.168591 kld=0.000026 grad_norm=3.585 steps/s=14.386
[TRAIN] step=020400 loss=0.132881 l1=0.132667 kld=0.000021 grad_norm=2.455 steps/s=14.385
[TRAIN] step=020450 loss=0.127001 l1=0.126748 kld=0.000025 grad_norm=3.210 steps/s=14.386
[TRAIN] step=020500 loss=0.131978 l1=0.131688 kld=0.000029 grad_norm=2.710 steps/s=14.386
[TRAIN] step=020550 loss=0.102942 l1=0.102666 kld=0.000028 grad_norm=1.772 steps/s=14.387
[TRAIN] step=020600 loss=0.119587 l1=0.119274 kld=0.000031 grad_norm=1.866 steps/s=14.391
[TRAIN] step=020650 loss=0.127712 l1=0.127500 kld=0.000021 grad_norm=2.246 steps/s=14.398
[TRAIN] step=020700 loss=0.103458 l1=0.103251 kld=0.000021 grad_norm=2.224 steps/s=14.398
[TRAIN] step=020750 loss=0.145674 l1=0.145437 kld=0.000024 grad_norm=2.514 steps/s=14.399
[TRAIN] step=020800 loss=0.108331 l1=0.108070 kld=0.000026 grad_norm=2.443 steps/s=14.399
[TRAIN] step=020850 loss=0.121191 l1=0.120955 kld=0.000024 grad_norm=1.924 steps/s=14.400
[TRAIN] step=020900 loss=0.127724 l1=0.127446 kld=0.000028 grad_norm=2.672 steps/s=14.401
[TRAIN] step=020950 loss=0.113523 l1=0.113272 kld=0.000025 grad_norm=2.446 steps/s=14.401
[TRAIN] step=021000 loss=0.104415 l1=0.104200 kld=0.000021 grad_norm=2.403 steps/s=14.402
[EVAL] step=021000 eval_loss=0.161676 eval_l1=0.161473 eval_kld=0.000020
[TRAIN] step=021050 loss=0.118996 l1=0.118745 kld=0.000025 grad_norm=2.556 steps/s=14.373
[TRAIN] step=021100 loss=0.128653 l1=0.128385 kld=0.000027 grad_norm=1.993 steps/s=14.374
[TRAIN] step=021150 loss=0.111845 l1=0.111556 kld=0.000029 grad_norm=2.017 steps/s=14.374
[TRAIN] step=021200 loss=0.114741 l1=0.114477 kld=0.000026 grad_norm=2.661 steps/s=14.374
[TRAIN] step=021250 loss=0.138385 l1=0.138177 kld=0.000021 grad_norm=2.226 steps/s=14.375
[TRAIN] step=021300 loss=0.133918 l1=0.133679 kld=0.000024 grad_norm=2.592 steps/s=14.376
[TRAIN] step=021350 loss=0.107043 l1=0.106834 kld=0.000021 grad_norm=2.171 steps/s=14.376
[TRAIN] step=021400 loss=0.096736 l1=0.096523 kld=0.000021 grad_norm=1.797 steps/s=14.377
[TRAIN] step=021450 loss=0.121915 l1=0.121696 kld=0.000022 grad_norm=2.051 steps/s=14.378
[TRAIN] step=021500 loss=0.127480 l1=0.127256 kld=0.000022 grad_norm=2.485 steps/s=14.379
[TRAIN] step=021550 loss=0.107528 l1=0.107269 kld=0.000026 grad_norm=2.105 steps/s=14.380
[TRAIN] step=021600 loss=0.122471 l1=0.122132 kld=0.000034 grad_norm=2.456 steps/s=14.381
[TRAIN] step=021650 loss=0.131869 l1=0.131601 kld=0.000027 grad_norm=2.878 steps/s=14.386
[TRAIN] step=021700 loss=0.126011 l1=0.125812 kld=0.000020 grad_norm=2.312 steps/s=14.389
[TRAIN] step=021750 loss=0.099608 l1=0.099367 kld=0.000024 grad_norm=2.695 steps/s=14.389
[TRAIN] step=021800 loss=0.105248 l1=0.104974 kld=0.000027 grad_norm=2.380 steps/s=14.389
[TRAIN] step=021850 loss=0.105871 l1=0.105608 kld=0.000026 grad_norm=2.726 steps/s=14.389
[TRAIN] step=021900 loss=0.122703 l1=0.122456 kld=0.000025 grad_norm=2.226 steps/s=14.390
[TRAIN] step=021950 loss=0.129969 l1=0.129735 kld=0.000023 grad_norm=2.227 steps/s=14.390
[TRAIN] step=022000 loss=0.157134 l1=0.156869 kld=0.000026 grad_norm=2.291 steps/s=14.390
[EVAL] step=022000 eval_loss=0.163547 eval_l1=0.163313 eval_kld=0.000023
[TRAIN] step=022050 loss=0.107630 l1=0.107436 kld=0.000019 grad_norm=1.791 steps/s=14.361
[TRAIN] step=022100 loss=0.116429 l1=0.116162 kld=0.000027 grad_norm=2.983 steps/s=14.361
[TRAIN] step=022150 loss=0.127992 l1=0.127751 kld=0.000024 grad_norm=2.352 steps/s=14.361
[TRAIN] step=022200 loss=0.122006 l1=0.121799 kld=0.000021 grad_norm=2.457 steps/s=14.361
[TRAIN] step=022250 loss=0.146535 l1=0.146331 kld=0.000020 grad_norm=2.556 steps/s=14.361
[TRAIN] step=022300 loss=0.105158 l1=0.104905 kld=0.000025 grad_norm=2.173 steps/s=14.361
[TRAIN] step=022350 loss=0.098093 l1=0.097885 kld=0.000021 grad_norm=2.408 steps/s=14.361
[TRAIN] step=022400 loss=0.135128 l1=0.134792 kld=0.000034 grad_norm=2.147 steps/s=14.360
[TRAIN] step=022450 loss=0.114117 l1=0.113896 kld=0.000022 grad_norm=2.416 steps/s=14.361
[TRAIN] step=022500 loss=0.104079 l1=0.103859 kld=0.000022 grad_norm=2.283 steps/s=14.361
[TRAIN] step=022550 loss=0.110639 l1=0.110445 kld=0.000019 grad_norm=2.296 steps/s=14.362
[TRAIN] step=022600 loss=0.113629 l1=0.113434 kld=0.000019 grad_norm=2.261 steps/s=14.362
[TRAIN] step=022650 loss=0.097465 l1=0.097256 kld=0.000021 grad_norm=3.973 steps/s=14.364
[TRAIN] step=022700 loss=0.098388 l1=0.098204 kld=0.000018 grad_norm=4.128 steps/s=14.371
[TRAIN] step=022750 loss=0.109406 l1=0.109179 kld=0.000023 grad_norm=2.288 steps/s=14.382
[TRAIN] step=022800 loss=0.121204 l1=0.120974 kld=0.000023 grad_norm=3.122 steps/s=14.386
[TRAIN] step=022850 loss=0.106452 l1=0.106248 kld=0.000020 grad_norm=2.033 steps/s=14.386
[TRAIN] step=022900 loss=0.113532 l1=0.113290 kld=0.000024 grad_norm=2.100 steps/s=14.385
[TRAIN] step=022950 loss=0.141840 l1=0.141599 kld=0.000024 grad_norm=1.836 steps/s=14.384
[TRAIN] step=023000 loss=0.114585 l1=0.114357 kld=0.000023 grad_norm=2.475 steps/s=14.384
[EVAL] step=023000 eval_loss=0.165774 eval_l1=0.165533 eval_kld=0.000024
[TRAIN] step=023050 loss=0.117018 l1=0.116817 kld=0.000020 grad_norm=3.046 steps/s=14.357
[TRAIN] step=023100 loss=0.102926 l1=0.102636 kld=0.000029 grad_norm=1.659 steps/s=14.357
[TRAIN] step=023150 loss=0.105428 l1=0.105226 kld=0.000020 grad_norm=2.658 steps/s=14.358
[TRAIN] step=023200 loss=0.120565 l1=0.120384 kld=0.000018 grad_norm=3.548 steps/s=14.358
[TRAIN] step=023250 loss=0.135337 l1=0.135164 kld=0.000017 grad_norm=1.848 steps/s=14.358
[TRAIN] step=023300 loss=0.117853 l1=0.117656 kld=0.000020 grad_norm=1.893 steps/s=14.358
[TRAIN] step=023350 loss=0.097290 l1=0.097078 kld=0.000021 grad_norm=2.203 steps/s=14.359
[TRAIN] step=023400 loss=0.107182 l1=0.106974 kld=0.000021 grad_norm=2.969 steps/s=14.359
[TRAIN] step=023450 loss=0.114297 l1=0.114119 kld=0.000018 grad_norm=2.151 steps/s=14.358
[TRAIN] step=023500 loss=0.112763 l1=0.112568 kld=0.000020 grad_norm=3.244 steps/s=14.358
[TRAIN] step=023550 loss=0.093548 l1=0.093274 kld=0.000027 grad_norm=2.290 steps/s=14.359
[TRAIN] step=023600 loss=0.142842 l1=0.142520 kld=0.000032 grad_norm=2.165 steps/s=14.359
[TRAIN] step=023650 loss=0.118027 l1=0.117847 kld=0.000018 grad_norm=2.339 steps/s=14.359
[TRAIN] step=023700 loss=0.078748 l1=0.078519 kld=0.000023 grad_norm=1.689 steps/s=14.360
[TRAIN] step=023750 loss=0.096223 l1=0.095962 kld=0.000026 grad_norm=2.129 steps/s=14.364
[TRAIN] step=023800 loss=0.090538 l1=0.090298 kld=0.000024 grad_norm=2.563 steps/s=14.365
[TRAIN] step=023850 loss=0.113171 l1=0.113008 kld=0.000016 grad_norm=2.149 steps/s=14.365
[TRAIN] step=023900 loss=0.117213 l1=0.116944 kld=0.000027 grad_norm=2.359 steps/s=14.364
[TRAIN] step=023950 loss=0.085022 l1=0.084811 kld=0.000021 grad_norm=1.861 steps/s=14.364
[TRAIN] step=024000 loss=0.116712 l1=0.116556 kld=0.000016 grad_norm=2.201 steps/s=14.364
[EVAL] step=024000 eval_loss=0.160136 eval_l1=0.159979 eval_kld=0.000016
[TRAIN] step=024050 loss=0.124657 l1=0.124495 kld=0.000016 grad_norm=3.103 steps/s=14.336
[TRAIN] step=024100 loss=0.131843 l1=0.131619 kld=0.000022 grad_norm=2.022 steps/s=14.336
[TRAIN] step=024150 loss=0.110255 l1=0.110027 kld=0.000023 grad_norm=2.079 steps/s=14.337
[TRAIN] step=024200 loss=0.147361 l1=0.147194 kld=0.000017 grad_norm=2.846 steps/s=14.338
[TRAIN] step=024250 loss=0.113241 l1=0.112962 kld=0.000028 grad_norm=1.858 steps/s=14.340
[TRAIN] step=024300 loss=0.115224 l1=0.115034 kld=0.000019 grad_norm=3.090 steps/s=14.340
[TRAIN] step=024350 loss=0.106873 l1=0.106704 kld=0.000017 grad_norm=2.423 steps/s=14.341
[TRAIN] step=024400 loss=0.110954 l1=0.110715 kld=0.000024 grad_norm=2.044 steps/s=14.341
[TRAIN] step=024450 loss=0.137946 l1=0.137761 kld=0.000018 grad_norm=4.637 steps/s=14.342
[TRAIN] step=024500 loss=0.119996 l1=0.119830 kld=0.000017 grad_norm=1.975 steps/s=14.342
[TRAIN] step=024550 loss=0.112107 l1=0.111933 kld=0.000017 grad_norm=2.556 steps/s=14.342
[TRAIN] step=024600 loss=0.111055 l1=0.110878 kld=0.000018 grad_norm=1.643 steps/s=14.342
[TRAIN] step=024650 loss=0.098704 l1=0.098563 kld=0.000014 grad_norm=2.596 steps/s=14.342
[TRAIN] step=024700 loss=0.114981 l1=0.114764 kld=0.000022 grad_norm=2.811 steps/s=14.342
[TRAIN] step=024750 loss=0.117631 l1=0.117458 kld=0.000017 grad_norm=2.016 steps/s=14.344
[TRAIN] step=024800 loss=0.112772 l1=0.112604 kld=0.000017 grad_norm=2.067 steps/s=14.347
[TRAIN] step=024850 loss=0.100330 l1=0.100093 kld=0.000024 grad_norm=1.790 steps/s=14.346
[TRAIN] step=024900 loss=0.149964 l1=0.149796 kld=0.000017 grad_norm=1.821 steps/s=14.347
[TRAIN] step=024950 loss=0.117363 l1=0.117132 kld=0.000023 grad_norm=2.124 steps/s=14.347
[TRAIN] step=025000 loss=0.132654 l1=0.132463 kld=0.000019 grad_norm=2.646 steps/s=14.346
[EVAL] step=025000 eval_loss=0.160423 eval_l1=0.160210 eval_kld=0.000021
[SAVE] latest.pt step=25000
[TRAIN] step=025050 loss=0.120410 l1=0.120248 kld=0.000016 grad_norm=2.248 steps/s=14.300
[TRAIN] step=025100 loss=0.122359 l1=0.122193 kld=0.000017 grad_norm=3.690 steps/s=14.300
[TRAIN] step=025150 loss=0.110244 l1=0.110043 kld=0.000020 grad_norm=1.996 steps/s=14.300
[TRAIN] step=025200 loss=0.116827 l1=0.116648 kld=0.000018 grad_norm=2.043 steps/s=14.300
[TRAIN] step=025250 loss=0.115997 l1=0.115796 kld=0.000020 grad_norm=2.757 steps/s=14.299
[TRAIN] step=025300 loss=0.134622 l1=0.134430 kld=0.000019 grad_norm=2.114 steps/s=14.299
[TRAIN] step=025350 loss=0.127722 l1=0.127531 kld=0.000019 grad_norm=2.090 steps/s=14.299
[TRAIN] step=025400 loss=0.097020 l1=0.096838 kld=0.000018 grad_norm=1.960 steps/s=14.300
[TRAIN] step=025450 loss=0.100704 l1=0.100529 kld=0.000018 grad_norm=2.160 steps/s=14.300
[TRAIN] step=025500 loss=0.087003 l1=0.086848 kld=0.000015 grad_norm=1.776 steps/s=14.300
[TRAIN] step=025550 loss=0.114035 l1=0.113844 kld=0.000019 grad_norm=2.995 steps/s=14.300
[TRAIN] step=025600 loss=0.107971 l1=0.107802 kld=0.000017 grad_norm=3.679 steps/s=14.301
[TRAIN] step=025650 loss=0.090935 l1=0.090793 kld=0.000014 grad_norm=2.263 steps/s=14.300
[TRAIN] step=025700 loss=0.120470 l1=0.120237 kld=0.000023 grad_norm=2.105 steps/s=14.302
[TRAIN] step=025750 loss=0.086942 l1=0.086669 kld=0.000027 grad_norm=2.103 steps/s=14.305
[TRAIN] step=025800 loss=0.099990 l1=0.099834 kld=0.000016 grad_norm=2.191 steps/s=14.305
[TRAIN] step=025850 loss=0.112569 l1=0.112406 kld=0.000016 grad_norm=2.714 steps/s=14.305
[TRAIN] step=025900 loss=0.118305 l1=0.118180 kld=0.000013 grad_norm=2.502 steps/s=14.304
[TRAIN] step=025950 loss=0.113683 l1=0.113507 kld=0.000018 grad_norm=3.009 steps/s=14.304
[TRAIN] step=026000 loss=0.115093 l1=0.114922 kld=0.000017 grad_norm=2.267 steps/s=14.303
[EVAL] step=026000 eval_loss=0.165840 eval_l1=0.165639 eval_kld=0.000020
[TRAIN] step=026050 loss=0.113679 l1=0.113500 kld=0.000018 grad_norm=2.773 steps/s=14.277
[TRAIN] step=026100 loss=0.136640 l1=0.136501 kld=0.000014 grad_norm=2.119 steps/s=14.278
[TRAIN] step=026150 loss=0.123213 l1=0.123066 kld=0.000015 grad_norm=2.391 steps/s=14.278
[TRAIN] step=026200 loss=0.136108 l1=0.135938 kld=0.000017 grad_norm=2.611 steps/s=14.279
[TRAIN] step=026250 loss=0.127298 l1=0.127103 kld=0.000020 grad_norm=2.267 steps/s=14.279
[TRAIN] step=026300 loss=0.112218 l1=0.112074 kld=0.000014 grad_norm=2.398 steps/s=14.279
[TRAIN] step=026350 loss=0.109151 l1=0.108990 kld=0.000016 grad_norm=2.500 steps/s=14.279
[TRAIN] step=026400 loss=0.121616 l1=0.121438 kld=0.000018 grad_norm=3.486 steps/s=14.279
[TRAIN] step=026450 loss=0.111990 l1=0.111842 kld=0.000015 grad_norm=2.228 steps/s=14.280
[TRAIN] step=026500 loss=0.104440 l1=0.104292 kld=0.000015 grad_norm=2.040 steps/s=14.279
[TRAIN] step=026550 loss=0.092358 l1=0.092192 kld=0.000017 grad_norm=2.430 steps/s=14.279
[TRAIN] step=026600 loss=0.143029 l1=0.142867 kld=0.000016 grad_norm=2.259 steps/s=14.279
[TRAIN] step=026650 loss=0.090844 l1=0.090670 kld=0.000017 grad_norm=2.140 steps/s=14.280
[TRAIN] step=026700 loss=0.130224 l1=0.130072 kld=0.000015 grad_norm=3.250 steps/s=14.283
[TRAIN] step=026750 loss=0.080905 l1=0.080749 kld=0.000016 grad_norm=2.836 steps/s=14.286
[TRAIN] step=026800 loss=0.112910 l1=0.112707 kld=0.000020 grad_norm=3.126 steps/s=14.286
[TRAIN] step=026850 loss=0.097959 l1=0.097776 kld=0.000018 grad_norm=1.993 steps/s=14.287
[TRAIN] step=026900 loss=0.100413 l1=0.100245 kld=0.000017 grad_norm=3.569 steps/s=14.287
[TRAIN] step=026950 loss=0.130884 l1=0.130713 kld=0.000017 grad_norm=3.817 steps/s=14.288
[TRAIN] step=027000 loss=0.098984 l1=0.098811 kld=0.000017 grad_norm=1.988 steps/s=14.288
[EVAL] step=027000 eval_loss=0.157316 eval_l1=0.157123 eval_kld=0.000019
[SAVE] best.pt step=27000 best_eval_l1=0.157123
[TRAIN] step=027050 loss=0.100278 l1=0.100094 kld=0.000018 grad_norm=2.066 steps/s=14.255
[TRAIN] step=027100 loss=0.139561 l1=0.139395 kld=0.000017 grad_norm=3.640 steps/s=14.256
[TRAIN] step=027150 loss=0.112815 l1=0.112679 kld=0.000014 grad_norm=2.438 steps/s=14.256
[TRAIN] step=027200 loss=0.097889 l1=0.097759 kld=0.000013 grad_norm=3.094 steps/s=14.257
[TRAIN] step=027250 loss=0.110393 l1=0.110232 kld=0.000016 grad_norm=3.082 steps/s=14.257
[TRAIN] step=027300 loss=0.110358 l1=0.110182 kld=0.000018 grad_norm=2.927 steps/s=14.257
[TRAIN] step=027350 loss=0.087199 l1=0.087059 kld=0.000014 grad_norm=1.904 steps/s=14.258
[TRAIN] step=027400 loss=0.108114 l1=0.107956 kld=0.000016 grad_norm=2.275 steps/s=14.257
[TRAIN] step=027450 loss=0.110832 l1=0.110678 kld=0.000015 grad_norm=2.734 steps/s=14.257
[TRAIN] step=027500 loss=0.110996 l1=0.110825 kld=0.000017 grad_norm=3.237 steps/s=14.257
[TRAIN] step=027550 loss=0.101459 l1=0.101335 kld=0.000012 grad_norm=1.641 steps/s=14.258
[TRAIN] step=027600 loss=0.116925 l1=0.116799 kld=0.000013 grad_norm=2.848 steps/s=14.258
[TRAIN] step=027650 loss=0.099966 l1=0.099808 kld=0.000016 grad_norm=3.149 steps/s=14.258
[TRAIN] step=027700 loss=0.119002 l1=0.118777 kld=0.000022 grad_norm=3.250 steps/s=14.262
[TRAIN] step=027750 loss=0.105117 l1=0.104988 kld=0.000013 grad_norm=3.046 steps/s=14.270
[TRAIN] step=027800 loss=0.111462 l1=0.111322 kld=0.000014 grad_norm=1.910 steps/s=14.271
[TRAIN] step=027850 loss=0.100429 l1=0.100298 kld=0.000013 grad_norm=3.038 steps/s=14.271
[TRAIN] step=027900 loss=0.117400 l1=0.117195 kld=0.000020 grad_norm=2.776 steps/s=14.271
[TRAIN] step=027950 loss=0.098519 l1=0.098374 kld=0.000014 grad_norm=1.945 steps/s=14.271
[TRAIN] step=028000 loss=0.106193 l1=0.106013 kld=0.000018 grad_norm=2.111 steps/s=14.272
[EVAL] step=028000 eval_loss=0.163682 eval_l1=0.163469 eval_kld=0.000021
[TRAIN] step=028050 loss=0.108658 l1=0.108472 kld=0.000019 grad_norm=2.582 steps/s=14.251
[TRAIN] step=028100 loss=0.125084 l1=0.124929 kld=0.000016 grad_norm=1.964 steps/s=14.252
[TRAIN] step=028150 loss=0.092582 l1=0.092451 kld=0.000013 grad_norm=1.971 steps/s=14.253
[TRAIN] step=028200 loss=0.119347 l1=0.119185 kld=0.000016 grad_norm=2.740 steps/s=14.253
[TRAIN] step=028250 loss=0.119523 l1=0.119337 kld=0.000019 grad_norm=2.641 steps/s=14.253
[TRAIN] step=028300 loss=0.101123 l1=0.100986 kld=0.000014 grad_norm=2.787 steps/s=14.254
[TRAIN] step=028350 loss=0.103036 l1=0.102877 kld=0.000016 grad_norm=2.805 steps/s=14.255
[TRAIN] step=028400 loss=0.091654 l1=0.091527 kld=0.000013 grad_norm=1.999 steps/s=14.255
[TRAIN] step=028450 loss=0.109524 l1=0.109313 kld=0.000021 grad_norm=2.625 steps/s=14.255
[TRAIN] step=028500 loss=0.090391 l1=0.090241 kld=0.000015 grad_norm=3.491 steps/s=14.256
[TRAIN] step=028550 loss=0.108261 l1=0.108126 kld=0.000013 grad_norm=2.192 steps/s=14.256
[TRAIN] step=028600 loss=0.096616 l1=0.096366 kld=0.000025 grad_norm=2.549 steps/s=14.257
[TRAIN] step=028650 loss=0.077726 l1=0.077575 kld=0.000015 grad_norm=1.724 steps/s=14.257
[TRAIN] step=028700 loss=0.094327 l1=0.094182 kld=0.000014 grad_norm=2.609 steps/s=14.257
[TRAIN] step=028750 loss=0.124300 l1=0.124181 kld=0.000012 grad_norm=2.243 steps/s=14.260
[TRAIN] step=028800 loss=0.087813 l1=0.087675 kld=0.000014 grad_norm=2.331 steps/s=14.263
[TRAIN] step=028850 loss=0.078966 l1=0.078809 kld=0.000016 grad_norm=2.978 steps/s=14.263
[TRAIN] step=028900 loss=0.089775 l1=0.089643 kld=0.000013 grad_norm=1.967 steps/s=14.263
[TRAIN] step=028950 loss=0.117034 l1=0.116871 kld=0.000016 grad_norm=2.948 steps/s=14.263
[TRAIN] step=029000 loss=0.103032 l1=0.102888 kld=0.000014 grad_norm=2.224 steps/s=14.264
[EVAL] step=029000 eval_loss=0.157698 eval_l1=0.157548 eval_kld=0.000015
[TRAIN] step=029050 loss=0.096617 l1=0.096449 kld=0.000017 grad_norm=2.103 steps/s=14.241
[TRAIN] step=029100 loss=0.114318 l1=0.114154 kld=0.000016 grad_norm=2.253 steps/s=14.242
[TRAIN] step=029150 loss=0.090565 l1=0.090434 kld=0.000013 grad_norm=3.889 steps/s=14.242
[TRAIN] step=029200 loss=0.107874 l1=0.107717 kld=0.000016 grad_norm=2.572 steps/s=14.243
[TRAIN] step=029250 loss=0.090416 l1=0.090302 kld=0.000011 grad_norm=2.826 steps/s=14.243
[TRAIN] step=029300 loss=0.126823 l1=0.126668 kld=0.000015 grad_norm=2.769 steps/s=14.244
[TRAIN] step=029350 loss=0.088717 l1=0.088594 kld=0.000012 grad_norm=2.107 steps/s=14.245
[TRAIN] step=029400 loss=0.096356 l1=0.096205 kld=0.000015 grad_norm=2.378 steps/s=14.245
[TRAIN] step=029450 loss=0.116046 l1=0.115910 kld=0.000014 grad_norm=2.882 steps/s=14.245
[TRAIN] step=029500 loss=0.097262 l1=0.097089 kld=0.000017 grad_norm=2.538 steps/s=14.246
[TRAIN] step=029550 loss=0.111366 l1=0.111226 kld=0.000014 grad_norm=2.059 steps/s=14.247
[TRAIN] step=029600 loss=0.107731 l1=0.107584 kld=0.000015 grad_norm=2.337 steps/s=14.247
[TRAIN] step=029650 loss=0.103463 l1=0.103347 kld=0.000012 grad_norm=2.403 steps/s=14.248
[TRAIN] step=029700 loss=0.129016 l1=0.128874 kld=0.000014 grad_norm=4.554 steps/s=14.247
[TRAIN] step=029750 loss=0.132453 l1=0.132297 kld=0.000016 grad_norm=3.628 steps/s=14.249
[TRAIN] step=029800 loss=0.121679 l1=0.121546 kld=0.000013 grad_norm=3.079 steps/s=14.254
[TRAIN] step=029850 loss=0.130573 l1=0.130426 kld=0.000015 grad_norm=2.928 steps/s=14.257
[TRAIN] step=029900 loss=0.117940 l1=0.117805 kld=0.000013 grad_norm=2.653 steps/s=14.257
[TRAIN] step=029950 loss=0.092940 l1=0.092791 kld=0.000015 grad_norm=2.362 steps/s=14.258
[TRAIN] step=030000 loss=0.101197 l1=0.101085 kld=0.000011 grad_norm=1.724 steps/s=14.258
[EVAL] step=030000 eval_loss=0.158312 eval_l1=0.158179 eval_kld=0.000013
[SAVE] latest.pt step=30000
[DONE]
run_dir: /root/autodl-tmp/cv_final_task2/runs_act/act_B_trainB_evalD_v1
